#
# There is insufficient memory for the Java Runtime Environment to continue.
# Native memory allocation (mmap) failed to map 262144000 bytes for committing reserved memory.
# Possible reasons:
#   The system is out of physical RAM or swap space
#   The process is running with CompressedOops enabled, and the Java Heap may be blocking the growth of the native heap
# Possible solutions:
#   Reduce memory load on the system
#   Increase physical memory or swap space
#   Check if swap backing store is full
#   Decrease Java heap size (-Xmx/-Xms)
#   Decrease number of Java threads
#   Decrease Java thread stack sizes (-Xss)
#   Set larger code cache with -XX:ReservedCodeCacheSize=
# This output file may be truncated or incomplete.
#
#  Out of Memory Error (os_linux.cpp:2893), pid=5927, tid=5942
#
# JRE version:  (11.0.4+11) (build )
# Java VM: OpenJDK 64-Bit Server VM (11.0.4+11-post-Ubuntu-1ubuntu218.04.3, mixed mode, aot, sharing, tiered, compressed oops, g1 gc, linux-amd64)
# Core dump will be written. Default location: Core dumps may be processed with "/usr/share/apport/apport %p %s %c %d %P" (or dumping to /home/ankush/Documents/proyects_bsc/BvSalud/BvSalud/core.5927)
#

---------------  S U M M A R Y ------------

Command Line: App 43679

Host: Intel(R) Core(TM) i7-8650U CPU @ 1.90GHz, 8 cores, 15G, Linux Mint 19.1 Tessa
Time: Fri Oct 25 09:47:28 2019 CEST elapsed time: 0 seconds (0d 0h 0m 0s)

---------------  T H R E A D  ---------------

Current thread (0x00007f40b8015000):  JavaThread "Unknown thread" [_thread_in_vm, id=5942, stack(0x00007f40c1483000,0x00007f40c1584000)]

Stack: [0x00007f40c1483000,0x00007f40c1584000],  sp=0x00007f40c15822c0,  free space=1020k
Native frames: (J=compiled Java code, A=aot compiled Java code, j=interpreted, Vv=VM code, C=native code)
V  [libjvm.so+0xde4547]
V  [libjvm.so+0xde519b]
V  [libjvm.so+0x6511a5]
V  [libjvm.so+0xbbed38]
V  [libjvm.so+0xbb5ebd]
V  [libjvm.so+0x76f53f]
V  [libjvm.so+0x76f7ae]
V  [libjvm.so+0x77b820]
V  [libjvm.so+0x7f6969]
V  [libjvm.so+0x7f75c2]
V  [libjvm.so+0x7f7a29]
V  [libjvm.so+0x72de6f]
V  [libjvm.so+0x72e55d]
V  [libjvm.so+0xd9ea32]
V  [libjvm.so+0xd9ecc6]
V  [libjvm.so+0x80f907]
V  [libjvm.so+0xd7d627]
V  [libjvm.so+0x8c8611]  JNI_CreateJavaVM+0x51
C  [libjli.so+0x4a66]
C  [libjli.so+0x92cd]


---------------  P R O C E S S  ---------------

Threads class SMR info:
_java_thread_list=0x0000561b5aa78030, length=0, elements={
}

Java Threads: ( => current thread )

Other Threads:
  0x00007f40b802b800 GCTaskThread "GC Thread#0" [stack: 0x00007f40bd47a000,0x00007f40bd57a000] [id=5944]
  0x00007f40b8089800 ConcurrentGCThread "G1 Main Marker" [stack: 0x00007f40bc2a9000,0x00007f40bc3a9000] [id=5945]
  0x00007f40b808b000 ConcurrentGCThread "G1 Conc#0" [stack: 0x00007f40bc1a7000,0x00007f40bc2a7000] [id=5946]

[error occurred during error reporting (printing all threads), id 0xb, SIGSEGV (0xb) at pc=0x00007f40bfa68040]

VM state:not at safepoint (not fully initialized)

VM Mutex/Monitor currently owned by a thread:  ([mutex/lock_event])
[0x00007f40b8011da0] Heap_lock - owner thread: 0x00007f40b8015000

Heap address: 0x0000000707400000, size: 3980 MB, Compressed Oops mode: Non-zero based: 0x0000000707400000
Narrow klass base: 0x0000000000000000, Narrow klass shift: 0

GC Heap History (0 events):
No events

Deoptimization events (0 events):
No events

Classes redefined (0 events):
No events

Internal exceptions (0 events):
No events

Events (0 events):
No events


Dynamic libraries:
716e00000-800000000 ---p 00000000 00:00 0 
561b58d96000-561b58d97000 r-xp 00000000 103:06 6556396                   /usr/lib/jvm/java-11-openjdk-amd64/bin/java
561b58f97000-561b58f98000 r--p 00001000 103:06 6556396                   /usr/lib/jvm/java-11-openjdk-amd64/bin/java
561b58f98000-561b58f99000 rw-p 00002000 103:06 6556396                   /usr/lib/jvm/java-11-openjdk-amd64/bin/java
561b5aa60000-561b5aaa2000 rw-p 00000000 00:00 0                          [heap]
7f4084000000-7f4084021000 rw-p 00000000 00:00 0 
7f4084021000-7f4088000000 ---p 00000000 00:00 0 
7f408c000000-7f408c021000 rw-p 00000000 00:00 0 
7f408c021000-7f4090000000 ---p 00000000 00:00 0 
7f40915d4000-7f4093bda000 rw-p 00000000 00:00 0 
7f4093bda000-7f409c000000 ---p 00000000 00:00 0 
7f409c000000-7f409c021000 rw-p 00000000 00:00 0 
7f409c021000-7f40a0000000 ---p 00000000 00:00 0 
7f40a008f000-7f40a0190000 rw-p 00000000 00:00 0 
7f40a0190000-7f40a0956000 ---p 00000000 00:00 0 
7f40a0956000-7f40a0bc6000 rwxp 00000000 00:00 0 
7f40a0bc6000-7f40a0ee7000 ---p 00000000 00:00 0 
7f40a0ee7000-7f40a1157000 rwxp 00000000 00:00 0 
7f40a1157000-7f40a841e000 ---p 00000000 00:00 0 
7f40a841e000-7f40a868e000 rwxp 00000000 00:00 0 
7f40a868e000-7f40af956000 ---p 00000000 00:00 0 
7f40af956000-7f40b8000000 r--s 00000000 103:06 6566402                   /usr/lib/jvm/java-11-openjdk-amd64/lib/modules
7f40b8000000-7f40b80b7000 rw-p 00000000 00:00 0 
7f40b80b7000-7f40bc000000 ---p 00000000 00:00 0 
7f40bc0a4000-7f40bc1a5000 rw-p 00000000 00:00 0 
7f40bc1a5000-7f40bc1a6000 ---p 00000000 00:00 0 
7f40bc1a6000-7f40bc2a7000 rw-p 00000000 00:00 0 
7f40bc2a7000-7f40bc2a8000 ---p 00000000 00:00 0 
7f40bc2a8000-7f40bc4aa000 rw-p 00000000 00:00 0 
7f40bc4aa000-7f40bcc70000 ---p 00000000 00:00 0 
7f40bcc70000-7f40bd478000 rw-p 00000000 00:00 0 
7f40bd478000-7f40bd479000 ---p 00000000 00:00 0 
7f40bd479000-7f40bd57f000 rw-p 00000000 00:00 0 
7f40bd57f000-7f40bd665000 ---p 00000000 00:00 0 
7f40bd665000-7f40bd66a000 rw-p 00000000 00:00 0 
7f40bd66a000-7f40bd750000 ---p 00000000 00:00 0 
7f40bd750000-7f40bd755000 r-xp 00000000 103:06 6566384                   /usr/lib/jvm/java-11-openjdk-amd64/lib/libjimage.so
7f40bd755000-7f40bd954000 ---p 00005000 103:06 6566384                   /usr/lib/jvm/java-11-openjdk-amd64/lib/libjimage.so
7f40bd954000-7f40bd955000 r--p 00004000 103:06 6566384                   /usr/lib/jvm/java-11-openjdk-amd64/lib/libjimage.so
7f40bd955000-7f40bd956000 rw-p 00005000 103:06 6566384                   /usr/lib/jvm/java-11-openjdk-amd64/lib/libjimage.so
7f40bd956000-7f40bd95d000 r-xp 00000000 103:06 6566401                   /usr/lib/jvm/java-11-openjdk-amd64/lib/libzip.so
7f40bd95d000-7f40bdb5c000 ---p 00007000 103:06 6566401                   /usr/lib/jvm/java-11-openjdk-amd64/lib/libzip.so
7f40bdb5c000-7f40bdb5d000 r--p 00006000 103:06 6566401                   /usr/lib/jvm/java-11-openjdk-amd64/lib/libzip.so
7f40bdb5d000-7f40bdb5e000 rw-p 00007000 103:06 6566401                   /usr/lib/jvm/java-11-openjdk-amd64/lib/libzip.so
7f40bdb5e000-7f40bdb69000 r-xp 00000000 103:06 4723404                   /lib/x86_64-linux-gnu/libnss_files-2.27.so
7f40bdb69000-7f40bdd68000 ---p 0000b000 103:06 4723404                   /lib/x86_64-linux-gnu/libnss_files-2.27.so
7f40bdd68000-7f40bdd69000 r--p 0000a000 103:06 4723404                   /lib/x86_64-linux-gnu/libnss_files-2.27.so
7f40bdd69000-7f40bdd6a000 rw-p 0000b000 103:06 4723404                   /lib/x86_64-linux-gnu/libnss_files-2.27.so
7f40bdd6a000-7f40bdd70000 rw-p 00000000 00:00 0 
7f40bdd70000-7f40bdd87000 r-xp 00000000 103:06 4723398                   /lib/x86_64-linux-gnu/libnsl-2.27.so
7f40bdd87000-7f40bdf86000 ---p 00017000 103:06 4723398                   /lib/x86_64-linux-gnu/libnsl-2.27.so
7f40bdf86000-7f40bdf87000 r--p 00016000 103:06 4723398                   /lib/x86_64-linux-gnu/libnsl-2.27.so
7f40bdf87000-7f40bdf88000 rw-p 00017000 103:06 4723398                   /lib/x86_64-linux-gnu/libnsl-2.27.so
7f40bdf88000-7f40bdf8a000 rw-p 00000000 00:00 0 
7f40bdf8a000-7f40bdf95000 r-xp 00000000 103:06 4723415                   /lib/x86_64-linux-gnu/libnss_nis-2.27.so
7f40bdf95000-7f40be194000 ---p 0000b000 103:06 4723415                   /lib/x86_64-linux-gnu/libnss_nis-2.27.so
7f40be194000-7f40be195000 r--p 0000a000 103:06 4723415                   /lib/x86_64-linux-gnu/libnss_nis-2.27.so
7f40be195000-7f40be196000 rw-p 0000b000 103:06 4723415                   /lib/x86_64-linux-gnu/libnss_nis-2.27.so
7f40be196000-7f40be19e000 r-xp 00000000 103:06 4723400                   /lib/x86_64-linux-gnu/libnss_compat-2.27.so
7f40be19e000-7f40be39e000 ---p 00008000 103:06 4723400                   /lib/x86_64-linux-gnu/libnss_compat-2.27.so
7f40be39e000-7f40be39f000 r--p 00008000 103:06 4723400                   /lib/x86_64-linux-gnu/libnss_compat-2.27.so
7f40be39f000-7f40be3a0000 rw-p 00009000 103:06 4723400                   /lib/x86_64-linux-gnu/libnss_compat-2.27.so
7f40be3a0000-7f40be3c9000 r-xp 00000000 103:06 6566380                   /usr/lib/jvm/java-11-openjdk-amd64/lib/libjava.so
7f40be3c9000-7f40be5c8000 ---p 00029000 103:06 6566380                   /usr/lib/jvm/java-11-openjdk-amd64/lib/libjava.so
7f40be5c8000-7f40be5c9000 r--p 00028000 103:06 6566380                   /usr/lib/jvm/java-11-openjdk-amd64/lib/libjava.so
7f40be5c9000-7f40be5cb000 rw-p 00029000 103:06 6566380                   /usr/lib/jvm/java-11-openjdk-amd64/lib/libjava.so
7f40be5cb000-7f40be5d8000 r-xp 00000000 103:06 6566400                   /usr/lib/jvm/java-11-openjdk-amd64/lib/libverify.so
7f40be5d8000-7f40be7d7000 ---p 0000d000 103:06 6566400                   /usr/lib/jvm/java-11-openjdk-amd64/lib/libverify.so
7f40be7d7000-7f40be7d9000 r--p 0000c000 103:06 6566400                   /usr/lib/jvm/java-11-openjdk-amd64/lib/libverify.so
7f40be7d9000-7f40be7da000 rw-p 0000e000 103:06 6566400                   /usr/lib/jvm/java-11-openjdk-amd64/lib/libverify.so
7f40be7da000-7f40be7e1000 r-xp 00000000 103:06 4723455                   /lib/x86_64-linux-gnu/librt-2.27.so
7f40be7e1000-7f40be9e0000 ---p 00007000 103:06 4723455                   /lib/x86_64-linux-gnu/librt-2.27.so
7f40be9e0000-7f40be9e1000 r--p 00006000 103:06 4723455                   /lib/x86_64-linux-gnu/librt-2.27.so
7f40be9e1000-7f40be9e2000 rw-p 00007000 103:06 4723455                   /lib/x86_64-linux-gnu/librt-2.27.so
7f40be9e2000-7f40be9f9000 r-xp 00000000 103:06 4718668                   /lib/x86_64-linux-gnu/libgcc_s.so.1
7f40be9f9000-7f40bebf8000 ---p 00017000 103:06 4718668                   /lib/x86_64-linux-gnu/libgcc_s.so.1
7f40bebf8000-7f40bebf9000 r--p 00016000 103:06 4718668                   /lib/x86_64-linux-gnu/libgcc_s.so.1
7f40bebf9000-7f40bebfa000 rw-p 00017000 103:06 4718668                   /lib/x86_64-linux-gnu/libgcc_s.so.1
7f40bebfa000-7f40bed97000 r-xp 00000000 103:06 4723377                   /lib/x86_64-linux-gnu/libm-2.27.so
7f40bed97000-7f40bef96000 ---p 0019d000 103:06 4723377                   /lib/x86_64-linux-gnu/libm-2.27.so
7f40bef96000-7f40bef97000 r--p 0019c000 103:06 4723377                   /lib/x86_64-linux-gnu/libm-2.27.so
7f40bef97000-7f40bef98000 rw-p 0019d000 103:06 4723377                   /lib/x86_64-linux-gnu/libm-2.27.so
7f40bef98000-7f40bf111000 r-xp 00000000 103:06 6561274                   /usr/lib/x86_64-linux-gnu/libstdc++.so.6.0.25
7f40bf111000-7f40bf311000 ---p 00179000 103:06 6561274                   /usr/lib/x86_64-linux-gnu/libstdc++.so.6.0.25
7f40bf311000-7f40bf31b000 r--p 00179000 103:06 6561274                   /usr/lib/x86_64-linux-gnu/libstdc++.so.6.0.25
7f40bf31b000-7f40bf31d000 rw-p 00183000 103:06 6561274                   /usr/lib/x86_64-linux-gnu/libstdc++.so.6.0.25
7f40bf31d000-7f40bf321000 rw-p 00000000 00:00 0 
7f40bf321000-7f40c03ed000 r-xp 00000000 103:06 6566405                   /usr/lib/jvm/java-11-openjdk-amd64/lib/server/libjvm.so
7f40c03ed000-7f40c05ec000 ---p 010cc000 103:06 6566405                   /usr/lib/jvm/java-11-openjdk-amd64/lib/server/libjvm.so
7f40c05ec000-7f40c06a9000 r--p 010cb000 103:06 6566405                   /usr/lib/jvm/java-11-openjdk-amd64/lib/server/libjvm.so
7f40c06a9000-7f40c06e2000 rw-p 01188000 103:06 6566405                   /usr/lib/jvm/java-11-openjdk-amd64/lib/server/libjvm.so
7f40c06e2000-7f40c0738000 rw-p 00000000 00:00 0 
7f40c0738000-7f40c0752000 r-xp 00000000 103:06 4723447                   /lib/x86_64-linux-gnu/libpthread-2.27.so
7f40c0752000-7f40c0951000 ---p 0001a000 103:06 4723447                   /lib/x86_64-linux-gnu/libpthread-2.27.so
7f40c0951000-7f40c0952000 r--p 00019000 103:06 4723447                   /lib/x86_64-linux-gnu/libpthread-2.27.so
7f40c0952000-7f40c0953000 rw-p 0001a000 103:06 4723447                   /lib/x86_64-linux-gnu/libpthread-2.27.so
7f40c0953000-7f40c0957000 rw-p 00000000 00:00 0 
7f40c0957000-7f40c095a000 r-xp 00000000 103:06 4723337                   /lib/x86_64-linux-gnu/libdl-2.27.so
7f40c095a000-7f40c0b59000 ---p 00003000 103:06 4723337                   /lib/x86_64-linux-gnu/libdl-2.27.so
7f40c0b59000-7f40c0b5a000 r--p 00002000 103:06 4723337                   /lib/x86_64-linux-gnu/libdl-2.27.so
7f40c0b5a000-7f40c0b5b000 rw-p 00003000 103:06 4723337                   /lib/x86_64-linux-gnu/libdl-2.27.so
7f40c0b5b000-7f40c0b77000 r-xp 00000000 103:06 4723488                   /lib/x86_64-linux-gnu/libz.so.1.2.11
7f40c0b77000-7f40c0d76000 ---p 0001c000 103:06 4723488                   /lib/x86_64-linux-gnu/libz.so.1.2.11
7f40c0d76000-7f40c0d77000 r--p 0001b000 103:06 4723488                   /lib/x86_64-linux-gnu/libz.so.1.2.11
7f40c0d77000-7f40c0d78000 rw-p 0001c000 103:06 4723488                   /lib/x86_64-linux-gnu/libz.so.1.2.11
7f40c0d78000-7f40c0f5f000 r-xp 00000000 103:06 4723314                   /lib/x86_64-linux-gnu/libc-2.27.so
7f40c0f5f000-7f40c115f000 ---p 001e7000 103:06 4723314                   /lib/x86_64-linux-gnu/libc-2.27.so
7f40c115f000-7f40c1163000 r--p 001e7000 103:06 4723314                   /lib/x86_64-linux-gnu/libc-2.27.so
7f40c1163000-7f40c1165000 rw-p 001eb000 103:06 4723314                   /lib/x86_64-linux-gnu/libc-2.27.so
7f40c1165000-7f40c1169000 rw-p 00000000 00:00 0 
7f40c1169000-7f40c1179000 r-xp 00000000 103:06 6566364                   /usr/lib/jvm/java-11-openjdk-amd64/lib/jli/libjli.so
7f40c1179000-7f40c1378000 ---p 00010000 103:06 6566364                   /usr/lib/jvm/java-11-openjdk-amd64/lib/jli/libjli.so
7f40c1378000-7f40c1379000 r--p 0000f000 103:06 6566364                   /usr/lib/jvm/java-11-openjdk-amd64/lib/jli/libjli.so
7f40c1379000-7f40c137a000 rw-p 00010000 103:06 6566364                   /usr/lib/jvm/java-11-openjdk-amd64/lib/jli/libjli.so
7f40c137a000-7f40c13a1000 r-xp 00000000 103:06 4723286                   /lib/x86_64-linux-gnu/ld-2.27.so
7f40c1483000-7f40c1487000 ---p 00000000 00:00 0 
7f40c1487000-7f40c1586000 rw-p 00000000 00:00 0 
7f40c1589000-7f40c158e000 rw-p 00000000 00:00 0 
7f40c158e000-7f40c1595000 ---p 00000000 00:00 0 
7f40c1595000-7f40c159d000 rw-s 00000000 103:06 8786979                   /tmp/hsperfdata_ankush/5927
7f40c159d000-7f40c159e000 ---p 00000000 00:00 0 
7f40c159e000-7f40c159f000 r--p 00000000 00:00 0 
7f40c159f000-7f40c15a1000 rw-p 00000000 00:00 0 
7f40c15a1000-7f40c15a2000 r--p 00027000 103:06 4723286                   /lib/x86_64-linux-gnu/ld-2.27.so
7f40c15a2000-7f40c15a3000 rw-p 00028000 103:06 4723286                   /lib/x86_64-linux-gnu/ld-2.27.so
7f40c15a3000-7f40c15a4000 rw-p 00000000 00:00 0 
7ffec7645000-7ffec7666000 rw-p 00000000 00:00 0                          [stack]
7ffec77b6000-7ffec77b9000 r--p 00000000 00:00 0                          [vvar]
7ffec77b9000-7ffec77bb000 r-xp 00000000 00:00 0                          [vdso]
ffffffffff600000-ffffffffff601000 r-xp 00000000 00:00 0                  [vsyscall]


VM Arguments:
java_command: App 43679
java_class_path (initial): /home/ankush/.vscode/extensions/adamvoss.vscode-languagetool-3.8.0/lib/languagetool-languageserver/build/install/languagetool-languageserver/lib/flexmark-ext-autolink-0.19.1.jar:/home/ankush/.vscode/extensions/adamvoss.vscode-languagetool-3.8.0/lib/languagetool-languageserver/build/install/languagetool-languageserver/lib/flexmark-jira-converter-0.19.1.jar:/home/ankush/.vscode/extensions/adamvoss.vscode-languagetool-3.8.0/lib/languagetool-languageserver/build/install/languagetool-languageserver/lib/flexmark-util-0.19.1.jar:/home/ankush/.vscode/extensions/adamvoss.vscode-languagetool-3.8.0/lib/languagetool-languageserver/build/install/languagetool-languageserver/lib/berkeleylm-1.1.2.jar:/home/ankush/.vscode/extensions/adamvoss.vscode-languagetool-3.8.0/lib/languagetool-languageserver/build/install/languagetool-languageserver/lib/openhtmltopdf-jsoup-dom-converter-0.0.1-RC9.jar:/home/ankush/.vscode/extensions/adamvoss.vscode-languagetool-3.8.0/lib/languagetool-languageserver/build/install/languagetool-languageserver/lib/autolink-0.6.0.jar:/home/ankush/.vscode/extensions/adamvoss.vscode-languagetool-3.8.0/lib/languagetool-languageserver/build/install/languagetool-languageserver/lib/openhtmltopdf-pdfbox-0.0.1-RC9.jar:/home/ankush/.vscode/extensions/adamvoss.vscode-languagetool-3.8.0/lib/languagetool-languageserver/build/install/languagetool-languageserver/lib/flexmark-ext-abbreviation-0.19.1.jar:/home/ankush/.vscode/extensions/adamvoss.vscode-languagetool-3.8.0/lib/languagetool-languageserver/build/install/languagetool-languageserver/lib/lucene-backward-codecs-5.5.3.jar:/home/ankush/.vscode/extensions/adamvoss.vscode-languagetool-3.8.0/lib/languagetool-languageserver/build/install/languagetool-languageserver/lib/flexmark-ext-footnotes-0.19.1.jar:/home/ankush/.vscode/extensions/adamvoss.vscode-languagetool-3.8.0/lib/languagetool-languageserver/build/install/languagetool-languageserver/lib/org.eclipse.lsp4j-0.2.0.jar:/home/ankush/.vscode/extensi
Launcher Type: SUN_STANDARD

[Global flags]
     intx CICompilerCount                          = 4                                         {product} {ergonomic}
     uint ConcGCThreads                            = 2                                         {product} {ergonomic}
     uint G1ConcRefinementThreads                  = 8                                         {product} {ergonomic}
   size_t G1HeapRegionSize                         = 1048576                                   {product} {ergonomic}
    uintx GCDrainStackTargetSize                   = 64                                        {product} {ergonomic}
   size_t InitialHeapSize                          = 262144000                                 {product} {ergonomic}
   size_t MarkStackSize                            = 4194304                                   {product} {ergonomic}
   size_t MaxHeapSize                              = 4173332480                                {product} {ergonomic}
   size_t MinHeapDeltaBytes                        = 1048576                                   {product} {ergonomic}
    uintx NonNMethodCodeHeapSize                   = 5835340                                {pd product} {ergonomic}
    uintx NonProfiledCodeHeapSize                  = 122911450                              {pd product} {ergonomic}
    uintx ProfiledCodeHeapSize                     = 122911450                              {pd product} {ergonomic}
    uintx ReservedCodeCacheSize                    = 251658240                              {pd product} {ergonomic}
     bool SegmentedCodeCache                       = true                                      {product} {ergonomic}
     bool UseCompressedClassPointers               = true                                 {lp64_product} {ergonomic}
     bool UseCompressedOops                        = true                                 {lp64_product} {ergonomic}
     bool UseG1GC                                  = true                                      {product} {ergonomic}

Logging:
Log output configuration:
 #0: stdout all=warning uptime,level,tags
 #1: stderr all=off uptime,level,tags

Environment Variables:
PATH=/usr/local/lib/nodejs/node-v10.16.0-linux-x64/bin:/home/ankush/.local/bin:/home/ankush/anaconda3/bin:/home/ankush/anaconda3/condabin:/usr/local/lib/nodejs/node-v10.16.0-linux-x64/bin:/home/ankush/.local/bin:/usr/local/sbin:/usr/local/bin:/usr/sbin:/usr/bin:/sbin:/bin:/usr/games:/usr/local/games:/snap/bin
SHELL=/bin/bash
DISPLAY=:0

Signal Handlers:
SIGSEGV: [libjvm.so+0xde5f50], sa_mask[0]=11111111011111111101111111111110, sa_flags=SA_RESTART|SA_SIGINFO
SIGBUS: [libjvm.so+0xde5f50], sa_mask[0]=11111111011111111101111111111110, sa_flags=SA_RESTART|SA_SIGINFO
SIGFPE: [libjvm.so+0xde5f50], sa_mask[0]=11111111011111111101111111111110, sa_flags=SA_RESTART|SA_SIGINFO
SIGPIPE: [libjvm.so+0xbba5b0], sa_mask[0]=11111111011111111101111111111110, sa_flags=SA_RESTART|SA_SIGINFO
SIGXFSZ: [libjvm.so+0xbba5b0], sa_mask[0]=11111111011111111101111111111110, sa_flags=SA_RESTART|SA_SIGINFO
SIGILL: [libjvm.so+0xde5f50], sa_mask[0]=11111111011111111101111111111110, sa_flags=SA_RESTART|SA_SIGINFO
SIGUSR2: [libjvm.so+0xbba450], sa_mask[0]=00000000000000000000000000000000, sa_flags=SA_RESTART|SA_SIGINFO
SIGHUP: SIG_DFL, sa_mask[0]=00000000000000000000000000000000, sa_flags=none
SIGINT: SIG_DFL, sa_mask[0]=00000000000000000000000000000000, sa_flags=none
SIGTERM: SIG_DFL, sa_mask[0]=00000000000000000000000000000000, sa_flags=none
SIGQUIT: SIG_DFL, sa_mask[0]=00000000000000000000000000000000, sa_flags=none


---------------  S Y S T E M  ---------------

OS:DISTRIB_ID=LinuxMint
DISTRIB_RELEASE=19.1
DISTRIB_CODENAME=tessa
DISTRIB_DESCRIPTION="Linux Mint 19.1 Tessa"
uname:Linux 4.15.0-20-generic #21-Ubuntu SMP Tue Apr 24 06:16:15 UTC 2018 x86_64
libc:glibc 2.27 NPTL 2.27 
rlimit: STACK 8192k, CORE 0k, NPROC 63243, NOFILE 1048576, AS infinity, DATA infinity, FSIZE infinity
load average:5.75 1.68 0.98

/proc/meminfo:
MemTotal:       16301620 kB
MemFree:          134408 kB
MemAvailable:      35896 kB
Buffers:            6824 kB
Cached:           716332 kB
SwapCached:       143092 kB
Active:         14397548 kB
Inactive:        1378644 kB
Active(anon):   14352540 kB
Inactive(anon):  1338892 kB
Active(file):      45008 kB
Inactive(file):    39752 kB
Unevictable:          32 kB
Mlocked:              32 kB
SwapTotal:       7866364 kB
SwapFree:              0 kB
Dirty:                56 kB
Writeback:             0 kB
AnonPages:      14911992 kB
Mapped:           361664 kB
Shmem:            637012 kB
Slab:             135212 kB
SReclaimable:      54496 kB
SUnreclaim:        80716 kB
KernelStack:       18816 kB
PageTables:       117932 kB
NFS_Unstable:          0 kB
Bounce:                0 kB
WritebackTmp:          0 kB
CommitLimit:    16017172 kB
Committed_AS:   33676492 kB
VmallocTotal:   34359738367 kB
VmallocUsed:           0 kB
VmallocChunk:          0 kB
HardwareCorrupted:     0 kB
AnonHugePages:         0 kB
ShmemHugePages:        0 kB
ShmemPmdMapped:        0 kB
CmaTotal:              0 kB
CmaFree:               0 kB
HugePages_Total:       0
HugePages_Free:        0
HugePages_Rsvd:        0
HugePages_Surp:        0
Hugepagesize:       2048 kB
DirectMap4k:      333532 kB
DirectMap2M:    13174784 kB
DirectMap1G:     3145728 kB


/proc/sys/kernel/threads-max (system-wide limit on the number of threads):
126487


/proc/sys/vm/max_map_count (maximum number of memory map areas a process may have):
65530


/proc/sys/kernel/pid_max (system-wide limit on number of process identifiers):
32768



container (cgroup) information:
container_type: cgroupv1
cpu_cpuset_cpus: 0-7
cpu_memory_nodes: 0
active_processor_count: 8
cpu_quota: -1
cpu_period: 100000
cpu_shares: -1
memory_limit_in_bytes: -1
memory_and_swap_limit_in_bytes: -2
memory_soft_limit_in_bytes: -1
memory_usage_in_bytes: 16156827648
memory_max_usage_in_bytes: 150450176

Steal ticks since vm start: 0
Steal ticks percentage since vm start:  0.000

CPU:total 8 (initial active 8) (4 cores per cpu, 2 threads per core) family 6 model 142 stepping 10, cmov, cx8, fxsr, mmx, sse, sse2, sse3, ssse3, sse4.1, sse4.2, popcnt, avx, avx2, aes, clmul, erms, rtm, 3dnowpref, lzcnt, ht, tsc, tscinvbit, bmi1, bmi2, adx, fma
CPU Model and flags from /proc/cpuinfo:
model name	: Intel(R) Core(TM) i7-8650U CPU @ 1.90GHz
flags		: fpu vme de pse tsc msr pae mce cx8 apic sep mtrr pge mca cmov pat pse36 clflush dts acpi mmx fxsr sse sse2 ss ht tm pbe syscall nx pdpe1gb rdtscp lm constant_tsc art arch_perfmon pebs bts rep_good nopl xtopology nonstop_tsc cpuid aperfmperf tsc_known_freq pni pclmulqdq dtes64 monitor ds_cpl vmx smx est tm2 ssse3 sdbg fma cx16 xtpr pdcm pcid sse4_1 sse4_2 x2apic movbe popcnt tsc_deadline_timer aes xsave avx f16c rdrand lahf_lm abm 3dnowprefetch cpuid_fault epb invpcid_single pti tpr_shadow vnmi flexpriority ept vpid fsgsbase tsc_adjust bmi1 hle avx2 smep bmi2 erms invpcid rtm mpx rdseed adx smap clflushopt intel_pt xsaveopt xsavec xgetbv1 xsaves ibpb ibrs stibp dtherm ida arat pln pts hwp hwp_notify hwp_act_window hwp_epp

Memory: 4k page, physical 16301620k(134912k free), swap 7866364k(0k free)

vm_info: OpenJDK 64-Bit Server VM (11.0.4+11-post-Ubuntu-1ubuntu218.04.3) for linux-amd64 JRE (11.0.4+11-post-Ubuntu-1ubuntu218.04.3), built on Jul 18 2019 18:21:46 by "buildd" with gcc 7.4.0

END.
